Loading intelmpi version 2021.4.0
compute-od-gpu-st-p4d-24xlarge-20
0
compute-od-gpu-st-p4d-24xlarge-20
1
compute-od-gpu-st-p4d-24xlarge-20
2
compute-od-gpu-st-p4d-24xlarge-20
3
4
32
4
32
4
32
4
32
Traceback (most recent call last):
  File "/home/shawley/envs/shazbot/bin/accelerate", line 8, in <module>
    sys.exit(main())
  File "/home/shawley/envs/shazbot/lib64/python3.8/site-packages/accelerate/commands/accelerate_cli.py", line 43, in main
    args.func(args)
  File "/home/shawley/envs/shazbot/lib64/python3.8/site-packages/accelerate/commands/launch.py", line 684, in launch_command
    simple_launcher(args)
  File "/home/shawley/envs/shazbot/lib64/python3.8/site-packages/accelerate/commands/launch.py", line 280, in simple_launcher
    mixed_precision = PrecisionType(args.mixed_precision.lower())
AttributeError: 'NoneType' object has no attribute 'lower'
Traceback (most recent call last):
  File "/home/shawley/envs/shazbot/bin/accelerate", line 8, in <module>
    sys.exit(main())
  File "/home/shawley/envs/shazbot/lib64/python3.8/site-packages/accelerate/commands/accelerate_cli.py", line 43, in main
    args.func(args)
  File "/home/shawley/envs/shazbot/lib64/python3.8/site-packages/accelerate/commands/launch.py", line 684, in launch_command
    simple_launcher(args)
  File "/home/shawley/envs/shazbot/lib64/python3.8/site-packages/accelerate/commands/launch.py", line 280, in simple_launcher
    mixed_precision = PrecisionType(args.mixed_precision.lower())
AttributeError: 'NoneType' object has no attribute 'lower'
